<?xml version="1.0" encoding="UTF-8"?>
<testsuite name="hello.itemservice.domain.item.ItemRepositoryTest" tests="3" skipped="0" failures="0" errors="0" timestamp="2024-02-15T14:25:52" hostname="DESKTOP-EO0N7CH" time="0.06">
  <properties/>
  <testcase name="findAll()" classname="hello.itemservice.domain.item.ItemRepositoryTest" time="0.055"/>
  <testcase name="updateItem()" classname="hello.itemservice.domain.item.ItemRepositoryTest" time="0.002"/>
  <testcase name="save()" classname="hello.itemservice.domain.item.ItemRepositoryTest" time="0.001"/>
  <system-out><![CDATA[]]></system-out>
  <system-err><![CDATA[]]></system-err>
</testsuite>
